<?xml version="1.0" encoding="UTF-8"?>
<testsuite xmlns:xsi="http://www.w3.org/2001/XMLSchema-instance" xsi:noNamespaceSchemaLocation="https://maven.apache.org/surefire/maven-surefire-plugin/xsd/surefire-test-report-3.0.xsd" version="3.0" name="org.example.MainTest" time="0.034" tests="5" errors="0" skipped="0" failures="0">
  <properties>
[...]
</properties>
  <testcase name="testMaxFavoriteBooks" classname="org.example.MainTest" time="0.011"/>
  <testcase name="testHasJaneAustenBook" classname="org.example.MainTest" time="0.001"/>
  <testcase name="testVisitorCount" classname="org.example.MainTest" time="0.001"/>
  <testcase name="testSortedBooks" classname="org.example.MainTest" time="0.002"/>
  <testcase name="testUniqueBooks" classname="org.example.MainTest" time="0.001"/>
</testsuite>